<?xml version="1.0" encoding="UTF-8"?>
<testng-results skipped="0" failed="0" ignored="0" total="1" passed="1">
  <reporter-output>
  </reporter-output>
  <suite name="Default suite" duration-ms="6142" started-at="2023-10-10T05:50:29Z" finished-at="2023-10-10T05:50:35Z">
    <groups>
    </groups>
    <test name="Default test" duration-ms="6142" started-at="2023-10-10T05:50:29Z" finished-at="2023-10-10T05:50:35Z">
      <class name="studentAPI.SampleDeleteTest">
        <test-method status="PASS" signature="getTest()[pri:0, instance:studentAPI.SampleDeleteTest@4f933fd1]" name="getTest" duration-ms="6108" started-at="2023-10-10T11:20:29Z" finished-at="2023-10-10T11:20:35Z">
          <reporter-output>
          </reporter-output>
        </test-method> <!-- getTest -->
      </class> <!-- studentAPI.SampleDeleteTest -->
    </test> <!-- Default test -->
  </suite> <!-- Default suite -->
</testng-results>
